[0.452s] Invoking command in '/home/hamdan/term_des/src/car': PYTHONPATH=/home/hamdan/term_des/build/car/prefix_override:/home/hamdan/term_des/install/car/lib/python3.10/site-packages:${PYTHONPATH} /usr/bin/python3 -W ignore:setup.py install is deprecated setup.py egg_info --egg-base ../../build/car build --build-base /home/hamdan/term_des/build/car/build install --record /home/hamdan/term_des/build/car/install.log --single-version-externally-managed install_data
[0.595s] running egg_info
[0.595s] creating ../../build/car/car.egg-info
[0.595s] writing ../../build/car/car.egg-info/PKG-INFO
[0.595s] writing dependency_links to ../../build/car/car.egg-info/dependency_links.txt
[0.595s] writing entry points to ../../build/car/car.egg-info/entry_points.txt
[0.595s] writing requirements to ../../build/car/car.egg-info/requires.txt
[0.595s] writing top-level names to ../../build/car/car.egg-info/top_level.txt
[0.596s] writing manifest file '../../build/car/car.egg-info/SOURCES.txt'
[0.597s] reading manifest file '../../build/car/car.egg-info/SOURCES.txt'
[0.597s] writing manifest file '../../build/car/car.egg-info/SOURCES.txt'
[0.597s] running build
[0.597s] running build_py
[0.597s] creating /home/hamdan/term_des/build/car/build
[0.598s] creating /home/hamdan/term_des/build/car/build/lib
[0.598s] creating /home/hamdan/term_des/build/car/build/lib/car
[0.598s] copying car/__init__.py -> /home/hamdan/term_des/build/car/build/lib/car
[0.598s] running install
[0.598s] running install_lib
[0.598s] creating /home/hamdan/term_des/install/car/lib/python3.10/site-packages/car
[0.599s] copying /home/hamdan/term_des/build/car/build/lib/car/__init__.py -> /home/hamdan/term_des/install/car/lib/python3.10/site-packages/car
[0.599s] byte-compiling /home/hamdan/term_des/install/car/lib/python3.10/site-packages/car/__init__.py to __init__.cpython-310.pyc
[0.599s] running install_data
[0.599s] creating /home/hamdan/term_des/install/car/share/ament_index
[0.599s] creating /home/hamdan/term_des/install/car/share/ament_index/resource_index
[0.599s] creating /home/hamdan/term_des/install/car/share/ament_index/resource_index/packages
[0.599s] copying resource/car -> /home/hamdan/term_des/install/car/share/ament_index/resource_index/packages
[0.599s] copying package.xml -> /home/hamdan/term_des/install/car/share/car
[0.599s] running install_egg_info
[0.600s] Copying ../../build/car/car.egg-info to /home/hamdan/term_des/install/car/lib/python3.10/site-packages/car-0.0.0-py3.10.egg-info
[0.601s] running install_scripts
[0.616s] writing list of installed files to '/home/hamdan/term_des/build/car/install.log'
[0.633s] Invoked command in '/home/hamdan/term_des/src/car' returned '0': PYTHONPATH=/home/hamdan/term_des/build/car/prefix_override:/home/hamdan/term_des/install/car/lib/python3.10/site-packages:${PYTHONPATH} /usr/bin/python3 -W ignore:setup.py install is deprecated setup.py egg_info --egg-base ../../build/car build --build-base /home/hamdan/term_des/build/car/build install --record /home/hamdan/term_des/build/car/install.log --single-version-externally-managed install_data
