[0.374s] Invoking command in '/home/hamdan/term_des/src/car': PYTHONPATH=/home/hamdan/term_des/build/car/prefix_override:/home/hamdan/term_des/install/car/lib/python3.10/site-packages:${PYTHONPATH} /usr/bin/python3 -W ignore:setup.py install is deprecated setup.py egg_info --egg-base ../../build/car build --build-base /home/hamdan/term_des/build/car/build install --record /home/hamdan/term_des/build/car/install.log --single-version-externally-managed install_data
[0.545s] running egg_info
[0.545s] writing ../../build/car/car.egg-info/PKG-INFO
[0.545s] writing dependency_links to ../../build/car/car.egg-info/dependency_links.txt
[0.545s] writing entry points to ../../build/car/car.egg-info/entry_points.txt
[0.545s] writing requirements to ../../build/car/car.egg-info/requires.txt
[0.545s] writing top-level names to ../../build/car/car.egg-info/top_level.txt
[0.551s] reading manifest file '../../build/car/car.egg-info/SOURCES.txt'
[0.551s] writing manifest file '../../build/car/car.egg-info/SOURCES.txt'
[0.551s] running build
[0.551s] running build_py
[0.551s] running install
[0.551s] running install_lib
[0.551s] running install_data
[0.551s] running install_egg_info
[0.551s] removing '/home/hamdan/term_des/install/car/lib/python3.10/site-packages/car-0.0.0-py3.10.egg-info' (and everything under it)
[0.551s] Copying ../../build/car/car.egg-info to /home/hamdan/term_des/install/car/lib/python3.10/site-packages/car-0.0.0-py3.10.egg-info
[0.552s] running install_scripts
[0.575s] writing list of installed files to '/home/hamdan/term_des/build/car/install.log'
[0.592s] Invoked command in '/home/hamdan/term_des/src/car' returned '0': PYTHONPATH=/home/hamdan/term_des/build/car/prefix_override:/home/hamdan/term_des/install/car/lib/python3.10/site-packages:${PYTHONPATH} /usr/bin/python3 -W ignore:setup.py install is deprecated setup.py egg_info --egg-base ../../build/car build --build-base /home/hamdan/term_des/build/car/build install --record /home/hamdan/term_des/build/car/install.log --single-version-externally-managed install_data
