running egg_info
creating ../../build/car_trailer/car_trailer.egg-info
writing ../../build/car_trailer/car_trailer.egg-info/PKG-INFO
writing dependency_links to ../../build/car_trailer/car_trailer.egg-info/dependency_links.txt
writing requirements to ../../build/car_trailer/car_trailer.egg-info/requires.txt
writing top-level names to ../../build/car_trailer/car_trailer.egg-info/top_level.txt
writing manifest file '../../build/car_trailer/car_trailer.egg-info/SOURCES.txt'
reading manifest file '../../build/car_trailer/car_trailer.egg-info/SOURCES.txt'
writing manifest file '../../build/car_trailer/car_trailer.egg-info/SOURCES.txt'
running build
running build_py
creating /home/artem/ros2_ws/build/car_trailer/build
creating /home/artem/ros2_ws/build/car_trailer/build/lib
creating /home/artem/ros2_ws/build/car_trailer/build/lib/car_trailer
copying car_trailer/__init__.py -> /home/artem/ros2_ws/build/car_trailer/build/lib/car_trailer
running install
running install_lib
creating /home/artem/ros2_ws/install/car_trailer/lib/python3.10/site-packages/car_trailer
copying /home/artem/ros2_ws/build/car_trailer/build/lib/car_trailer/__init__.py -> /home/artem/ros2_ws/install/car_trailer/lib/python3.10/site-packages/car_trailer
byte-compiling /home/artem/ros2_ws/install/car_trailer/lib/python3.10/site-packages/car_trailer/__init__.py to __init__.cpython-310.pyc
running install_data
copying package.xml -> /home/artem/ros2_ws/install/car_trailer/share/car_trailer
creating /home/artem/ros2_ws/install/car_trailer/share/car_trailer/urdf
copying urdf/car_with_trailer.xacro -> /home/artem/ros2_ws/install/car_trailer/share/car_trailer/urdf
creating /home/artem/ros2_ws/install/car_trailer/share/car_trailer/launch
copying launch/display.launch.py -> /home/artem/ros2_ws/install/car_trailer/share/car_trailer/launch
creating /home/artem/ros2_ws/install/car_trailer/share/car_trailer/rviz
copying rviz/urdf_config.rviz -> /home/artem/ros2_ws/install/car_trailer/share/car_trailer/rviz
running install_egg_info
Copying ../../build/car_trailer/car_trailer.egg-info to /home/artem/ros2_ws/install/car_trailer/lib/python3.10/site-packages/car_trailer-0.0.0-py3.10.egg-info
running install_scripts
writing list of installed files to '/home/artem/ros2_ws/build/car_trailer/install.log'
