[0.666s] Invoking command in '/home/artem/ros2_ws/src/car_trailer': PYTHONPATH=/home/artem/ros2_ws/build/car_trailer/prefix_override:/home/artem/ros2_ws/install/car_trailer/lib/python3.10/site-packages:${PYTHONPATH} /usr/bin/python3 -W ignore:setup.py install is deprecated setup.py egg_info --egg-base ../../build/car_trailer build --build-base /home/artem/ros2_ws/build/car_trailer/build install --record /home/artem/ros2_ws/build/car_trailer/install.log --single-version-externally-managed install_data
[0.841s] running egg_info
[0.842s] creating ../../build/car_trailer/car_trailer.egg-info
[0.856s] writing ../../build/car_trailer/car_trailer.egg-info/PKG-INFO
[0.857s] writing dependency_links to ../../build/car_trailer/car_trailer.egg-info/dependency_links.txt
[0.857s] writing requirements to ../../build/car_trailer/car_trailer.egg-info/requires.txt
[0.857s] writing top-level names to ../../build/car_trailer/car_trailer.egg-info/top_level.txt
[0.857s] writing manifest file '../../build/car_trailer/car_trailer.egg-info/SOURCES.txt'
[0.878s] reading manifest file '../../build/car_trailer/car_trailer.egg-info/SOURCES.txt'
[0.878s] writing manifest file '../../build/car_trailer/car_trailer.egg-info/SOURCES.txt'
[0.879s] running build
[0.879s] running build_py
[0.879s] creating /home/artem/ros2_ws/build/car_trailer/build
[0.879s] creating /home/artem/ros2_ws/build/car_trailer/build/lib
[0.879s] creating /home/artem/ros2_ws/build/car_trailer/build/lib/car_trailer
[0.879s] copying car_trailer/__init__.py -> /home/artem/ros2_ws/build/car_trailer/build/lib/car_trailer
[0.880s] running install
[0.885s] running install_lib
[0.896s] creating /home/artem/ros2_ws/install/car_trailer/lib/python3.10/site-packages/car_trailer
[0.897s] copying /home/artem/ros2_ws/build/car_trailer/build/lib/car_trailer/__init__.py -> /home/artem/ros2_ws/install/car_trailer/lib/python3.10/site-packages/car_trailer
[0.897s] byte-compiling /home/artem/ros2_ws/install/car_trailer/lib/python3.10/site-packages/car_trailer/__init__.py to __init__.cpython-310.pyc
[0.897s] running install_data
[0.898s] copying package.xml -> /home/artem/ros2_ws/install/car_trailer/share/car_trailer
[0.898s] creating /home/artem/ros2_ws/install/car_trailer/share/car_trailer/urdf
[0.898s] copying urdf/car_with_trailer.xacro -> /home/artem/ros2_ws/install/car_trailer/share/car_trailer/urdf
[0.898s] creating /home/artem/ros2_ws/install/car_trailer/share/car_trailer/launch
[0.898s] copying launch/display.launch.py -> /home/artem/ros2_ws/install/car_trailer/share/car_trailer/launch
[0.898s] creating /home/artem/ros2_ws/install/car_trailer/share/car_trailer/rviz
[0.898s] copying rviz/urdf_config.rviz -> /home/artem/ros2_ws/install/car_trailer/share/car_trailer/rviz
[0.898s] running install_egg_info
[0.910s] Copying ../../build/car_trailer/car_trailer.egg-info to /home/artem/ros2_ws/install/car_trailer/lib/python3.10/site-packages/car_trailer-0.0.0-py3.10.egg-info
[0.910s] running install_scripts
[1.012s] writing list of installed files to '/home/artem/ros2_ws/build/car_trailer/install.log'
[1.031s] Invoked command in '/home/artem/ros2_ws/src/car_trailer' returned '0': PYTHONPATH=/home/artem/ros2_ws/build/car_trailer/prefix_override:/home/artem/ros2_ws/install/car_trailer/lib/python3.10/site-packages:${PYTHONPATH} /usr/bin/python3 -W ignore:setup.py install is deprecated setup.py egg_info --egg-base ../../build/car_trailer build --build-base /home/artem/ros2_ws/build/car_trailer/build install --record /home/artem/ros2_ws/build/car_trailer/install.log --single-version-externally-managed install_data
